#
# A fatal error has been detected by the Java Runtime Environment:
#
#  SIGSEGV (0xb) at pc=0x000000012cac857c, pid=26758, tid=27155
#
# JRE version: Java(TM) SE Runtime Environment (8.0_25-b17) (build 1.8.0_25-b17)
# Java VM: Java HotSpot(TM) 64-Bit Server VM (25.25-b02 mixed mode bsd-amd64 compressed oops)
# Problematic frame:
# C  [libscsynth.dylib+0x557c]  SC_UdpInPort::SC_UdpInPort(World*, int)+0x1be
#
# Failed to write core dump. Core dumps have been disabled. To enable core dumping, try "ulimit -c unlimited" before starting Java again
#
# If you would like to submit a bug report, please visit:
#   http://bugreport.sun.com/bugreport/crash.jsp
# The crash happened outside the Java Virtual Machine in native code.
# See problematic frame for where to report the bug.
#

---------------  T H R E A D  ---------------

Current thread (0x00007f9ddad86000):  JavaThread "Thread-11" daemon [_thread_in_native, id=27155, stack(0x000000012cc72000,0x000000012cd72000)]

siginfo: si_signo: 11 (SIGSEGV), si_code: 1 (SEGV_MAPERR), si_addr: 0x0000000000000160

Registers:
RAX=0x0000000000000000, RBX=0x0000000000000000, RCX=0x00000000ffffffff, RDX=0x0000000000000000
RSP=0x000000012cd70e00, RBP=0x000000012cd70e80, RSI=0x0000000000000003, RDI=0x00007fff7c1b42d8
R8 =0x0000000000007307, R9 =0x0000000000000000, R10=0x000000000000002c, R11=0x0000000000000206
R12=0x0000000000000004, R13=0x0000000000000002, R14=0x00007f9dda9c9000, R15=0x000000013e2fa000
RIP=0x000000012cac857c, EFLAGS=0x0000000000010202, ERR=0x0000000000000004
  TRAPNO=0x000000000000000e

Top of Stack: (sp=0x000000012cd70e00)
0x000000012cd70e00:   0000000000000000 000100002cd70e80
0x000000012cd70e10:   000000012cd70e30 00007fff99318395
0x000000012cd70e20:   0000000000000000 0000000000010048
0x000000012cd70e30:   0000000a0000003f 0000000297db043e
0x000000012cd70e40:   00007f9dda9c9000 0000000000000000
0x000000012cd70e50:   000000012cd70e80 000000012cae7614
0x000000012cd70e60:   0000000000000001 000000012cd715e8
0x000000012cd70e70:   000000012cd70e80 0000000124bd4d1c
0x000000012cd70e80:   000000000000000a 000000012cd71680
0x000000012cd70e90:   000000012cd70f80 0000000124bd4884
0x000000012cd70ea0:   ffffffffffffffff 00000000ffffffff
0x000000012cd70eb0:   0000000105088740 000000012cd70f30
0x000000012cd70ec0:   000000012cd71650 000000012cd70f40
0x000000012cd70ed0:   000000012cd70f30 000000012cd70f44
0x000000012cd70ee0:   000000012cd714f0 000000012cd71680
0x000000012cd70ef0:   000000012cae75f0 00007f9dd49f6260
0x000000012cd70f00:   000000012cd70dd0 00007f9dd49f62f0
0x000000012cd70f10:   0000000000000002 0000000200000002
0x000000012cd70f20:   000000012cd70dd0 00000001dad86000
0x000000012cd70f30:   00007f9d00000002 00007f9dd4a1b290
0x000000012cd70f40:   0000000100000000 be0045469cef3781
0x000000012cd70f50:   000000012cd70f80 000000012cd71680
0x000000012cd70f60:   00007f9dd49f6300 0000000000000000
0x000000012cd70f70:   00007f9dd49f6260 0000000000000001
0x000000012cd70f80:   000000012cd714d0 0000000124bcef5c
0x000000012cd70f90:   0000000100000000 00007f9dd49f6440
0x000000012cd70fa0:   000000012cd714d0 0000000124bced55
0x000000012cd70fb0:   0000000000000000 0000000000000000
0x000000012cd70fc0:   000000012cd714d0 0000000124bced29
0x000000012cd70fd0:   0000000000000000 0000000000000000
0x000000012cd70fe0:   000000012cd711b0 0000000104ba2a49
0x000000012cd70ff0:   00007f9ddad86000 00007f9dd49f6280 

Instructions: (pc=0x000000012cac857c)
0x000000012cac855c:   24 3c 02 00 00 00 c7 44 24 30 3f 00 00 00 be 02
0x000000012cac856c:   00 00 00 48 8d 54 24 30 4c 89 ff e8 5c 13 07 00
0x000000012cac857c:   80 bb 60 01 00 00 00 74 15 49 8d 7e 30 31 f6 48
0x000000012cac858c:   8d 15 3e ed ff ff 4c 89 f1 e8 08 13 07 00 48 83 

Register to memory mapping:

RAX=0x0000000000000000 is an unknown value
RBX=0x0000000000000000 is an unknown value
RCX=0x00000000ffffffff is an unknown value
RDX=0x0000000000000000 is an unknown value
RSP=0x000000012cd70e00 is pointing into the stack for thread: 0x00007f9ddad86000
RBP=0x000000012cd70e80 is pointing into the stack for thread: 0x00007f9ddad86000
RSI=0x0000000000000003 is an unknown value
RDI=0x00007fff7c1b42d8: _pthread_list_lock+0 in /usr/lib/system/libsystem_pthread.dylib at 0x00007fff8d7c0000
R8 =0x0000000000007307 is an unknown value
R9 =0x0000000000000000 is an unknown value
R10=0x000000000000002c is an unknown value
R11=0x0000000000000206 is an unknown value
R12=0x0000000000000004 is an unknown value
R13=0x0000000000000002 is an unknown value
R14=0x00007f9dda9c9000 is an unknown value
R15=0x000000013e2fa000 is an unknown value


Stack: [0x000000012cc72000,0x000000012cd72000],  sp=0x000000012cd70e00,  free space=1019k
Native frames: (J=compiled Java code, j=interpreted, Vv=VM code, C=native code)
C  [libscsynth.dylib+0x557c]  SC_UdpInPort::SC_UdpInPort(World*, int)+0x1be
C  0x000000012cd71680

Java frames: (J=compiled Java code, j=interpreted, Vv=VM code)
j  overtone.sc.machinery.server.native.lib_b71591ae_037f_45c2_8eb3_a1dbac0b4a84.World_OpenUDP(Lcom/sun/jna/Pointer;I)I+0
j  overtone.sc.machinery.server.native$eval3900$fn__3901.invoke(Ljava/lang/Object;Ljava/lang/Object;)Ljava/lang/Object;+15
j  overtone.sc.machinery.server.native$scsynth_listen_udp.invoke(Ljava/lang/Object;Ljava/lang/Object;)Ljava/lang/Object;+55
j  overtone.sc.machinery.server.connection$internal_booter.invoke(Ljava/lang/Object;)Ljava/lang/Object;+201
j  overtone.sc.machinery.server.connection$boot_internal_server$fn__3993.invoke()Ljava/lang/Object;+13
j  clojure.lang.AFn.run()V+1
j  java.lang.Thread.run()V+11
v  ~StubRoutines::call_stub

---------------  P R O C E S S  ---------------

Java Threads: ( => current thread )
=>0x00007f9ddad86000 JavaThread "Thread-11" daemon [_thread_in_native, id=27155, stack(0x000000012cc72000,0x000000012cd72000)]
  0x00007f9dd83d6000 JavaThread "pool-3-thread-10" [_thread_blocked, id=73219, stack(0x000000012cec1000,0x000000012cfc1000)]
  0x00007f9dd8644000 JavaThread "pool-3-thread-9" [_thread_blocked, id=72707, stack(0x000000012c181000,0x000000012c281000)]
  0x00007f9dd709b000 JavaThread "pool-2-thread-10" [_thread_blocked, id=72195, stack(0x000000012cdbe000,0x000000012cebe000)]
  0x00007f9dd709a800 JavaThread "pool-2-thread-9" [_thread_blocked, id=71683, stack(0x000000012c93f000,0x000000012ca3f000)]
  0x00007f9ddadc2000 JavaThread "pool-2-thread-8" [_thread_blocked, id=71171, stack(0x000000012c83c000,0x000000012c93c000)]
  0x00007f9dd504b800 JavaThread "pool-2-thread-7" [_thread_blocked, id=70659, stack(0x000000012c50a000,0x000000012c60a000)]
  0x00007f9dd7f2d800 JavaThread "pool-2-thread-6" [_thread_blocked, id=70147, stack(0x000000012c2c1000,0x000000012c3c1000)]
  0x00007f9dd7bf9000 JavaThread "pool-2-thread-5" [_thread_blocked, id=69635, stack(0x000000012badb000,0x000000012bbdb000)]
  0x00007f9dd57f7000 JavaThread "pool-2-thread-4" [_thread_blocked, id=69123, stack(0x000000012b147000,0x000000012b247000)]
  0x00007f9dd57ea800 JavaThread "pool-2-thread-3" [_thread_blocked, id=68611, stack(0x000000012aa9e000,0x000000012ab9e000)]
  0x00007f9dd37ec800 JavaThread "pool-3-thread-8" [_thread_blocked, id=32803, stack(0x000000012c407000,0x000000012c507000)]
  0x00007f9dd7cfb000 JavaThread "pool-2-thread-2" [_thread_blocked, id=68099, stack(0x000000012b46d000,0x000000012b56d000)]
  0x00007f9dd5249800 JavaThread "pool-2-thread-1" [_thread_blocked, id=67587, stack(0x0000000127ec9000,0x0000000127fc9000)]
  0x00007f9ddae05000 JavaThread "pool-3-thread-7" [_thread_blocked, id=58131, stack(0x0000000127975000,0x0000000127a75000)]
  0x00007f9dd37ec000 JavaThread "pool-3-thread-6" [_thread_blocked, id=67075, stack(0x000000012b57f000,0x000000012b67f000)]
  0x00007f9ddae82000 JavaThread "pool-3-thread-5" [_thread_blocked, id=66571, stack(0x000000012bc19000,0x000000012bd19000)]
  0x00007f9dd60f2800 JavaThread "pool-3-thread-4" [_thread_blocked, id=62999, stack(0x000000012acae000,0x000000012adae000)]
  0x00007f9dd4734800 JavaThread "pool-3-thread-3" [_thread_blocked, id=65795, stack(0x000000012b925000,0x000000012ba25000)]
  0x00007f9dd302b000 JavaThread "pool-3-thread-2" [_thread_blocked, id=64259, stack(0x000000012abab000,0x000000012acab000)]
  0x00007f9dd31a6800 JavaThread "pool-3-thread-1" [_thread_blocked, id=33103, stack(0x000000012a99b000,0x000000012aa9b000)]
  0x00007f9dd7cf4000 JavaThread "Java2D Disposer" daemon [_thread_blocked, id=60943, stack(0x000000012a4c0000,0x000000012a5c0000)]
  0x00007f9dd8249000 JavaThread "Java2D Queue Flusher" daemon [_thread_blocked, id=60679, stack(0x0000000128ae5000,0x0000000128be5000)]
  0x00007f9dd5841000 JavaThread "AppKit Thread" daemon [_thread_in_native, id=8207, stack(0x00007fff5be0e000,0x00007fff5c60e000)]
  0x00007f9dd28f7000 JavaThread "nREPL-worker-2" daemon [_thread_blocked, id=21767, stack(0x0000000124035000,0x0000000124135000)]
  0x00007f9dd6d58800 JavaThread "clojure-agent-send-off-pool-7" [_thread_blocked, id=22279, stack(0x0000000121391000,0x0000000121491000)]
  0x00007f9dd3881000 JavaThread "clojure-agent-send-off-pool-4" [_thread_in_native, id=23811, stack(0x0000000124924000,0x0000000124a24000)]
  0x00007f9dd3880000 JavaThread "clojure-agent-send-off-pool-3" [_thread_blocked, id=23299, stack(0x0000000124636000,0x0000000124736000)]
  0x00007f9dd4409800 JavaThread "clojure-agent-send-off-pool-2" [_thread_in_native, id=22787, stack(0x0000000124495000,0x0000000124595000)]
  0x00007f9dd602b800 JavaThread "Service Thread" daemon [_thread_blocked, id=20739, stack(0x00000001230a1000,0x00000001231a1000)]
  0x00007f9dd3801000 JavaThread "C1 CompilerThread3" daemon [_thread_blocked, id=20227, stack(0x0000000122f9e000,0x000000012309e000)]
  0x00007f9dd600b000 JavaThread "C2 CompilerThread2" daemon [_thread_blocked, id=19715, stack(0x0000000122e9b000,0x0000000122f9b000)]
  0x00007f9dd2807000 JavaThread "C2 CompilerThread1" daemon [_thread_blocked, id=19203, stack(0x0000000122d98000,0x0000000122e98000)]
  0x00007f9dd6810800 JavaThread "C2 CompilerThread0" daemon [_thread_blocked, id=18691, stack(0x0000000122c95000,0x0000000122d95000)]
  0x00007f9dd681e800 JavaThread "Signal Dispatcher" daemon [_thread_blocked, id=15123, stack(0x0000000122b92000,0x0000000122c92000)]
  0x00007f9dd6806000 JavaThread "Finalizer" daemon [_thread_blocked, id=13571, stack(0x0000000121258000,0x0000000121358000)]
  0x00007f9dd301b000 JavaThread "Reference Handler" daemon [_thread_blocked, id=13059, stack(0x0000000121155000,0x0000000121255000)]
  0x00007f9dd5000000 JavaThread "main" [_thread_blocked, id=3847, stack(0x000000010571d000,0x000000010581d000)]

Other Threads:
  0x00007f9dd4009000 VMThread [stack: 0x0000000121052000,0x0000000121152000] [id=12547]
  0x00007f9dd5803000 WatcherThread [stack: 0x00000001231a4000,0x00000001232a4000] [id=21251]

VM state:not at safepoint (normal execution)

VM Mutex/Monitor currently owned by a thread: None

Heap:
 PSYoungGen      total 1203712K, used 1166386K [0x000000076ab00000, 0x00000007bae00000, 0x00000007c0000000)
  eden space 1197056K, 96% used [0x000000076ab00000,0x00000007b17bbec0,0x00000007b3c00000)
  from space 6656K, 97% used [0x00000007ba780000,0x00000007badd0bb8,0x00000007bae00000)
  to   space 10240K, 0% used [0x00000007b9a00000,0x00000007b9a00000,0x00000007ba400000)
 ParOldGen       total 112128K, used 24275K [0x00000006c0000000, 0x00000006c6d80000, 0x000000076ab00000)
  object space 112128K, 21% used [0x00000006c0000000,0x00000006c17b4f90,0x00000006c6d80000)
 Metaspace       used 40906K, capacity 54513K, committed 54656K, reserved 1089536K
  class space    used 10126K, capacity 14618K, committed 14720K, reserved 1048576K

Card table byte_map: [0x0000000114bdf000,0x00000001153e0000] byte_map_base: 0x00000001115df000

Marking Bits: (ParMarkBitMap*) 0x000000010509d390
 Begin Bits: [0x000000011614e000, 0x000000011a14e000)
 End Bits:   [0x000000011a14e000, 0x000000011e14e000)

Polling page: 0x0000000103749000

CodeCache: size=245760Kb used=17924Kb max_used=18168Kb free=227835Kb
 bounds [0x000000010581f000, 0x0000000106a0f000, 0x000000011481f000]
 total_blobs=3963 nmethods=3473 adapters=404
 compilation: enabled

Compilation events (10 events):
Event: 82.881 Thread 0x00007f9dd3801000 nmethod 4197 0x0000000106057150 code [0x00000001060572e0, 0x0000000106057618]
Event: 82.884 Thread 0x00007f9dd3801000 4198       1       java.lang.reflect.Field::getDeclaringClass (5 bytes)
Event: 82.884 Thread 0x00007f9dd3801000 nmethod 4198 0x00000001069e6a50 code [0x00000001069e6ba0, 0x00000001069e6cb0]
Event: 82.885 Thread 0x00007f9dd3801000 4196       3       clojure.lang.RT::aset (6 bytes)
Event: 82.885 Thread 0x00007f9dd3801000 nmethod 4196 0x00000001062dd010 code [0x00000001062dd180, 0x00000001062dd410]
Event: 82.943 Thread 0x00007f9dd2807000 nmethod 4178 0x0000000105c4f450 code [0x0000000105c50a60, 0x0000000105c5a8f0]
Event: 82.996 Thread 0x00007f9dd3801000 4199       3       clojure.lang.Numbers$BigIntOps::combine (8 bytes)
Event: 82.996 Thread 0x00007f9dd3801000 nmethod 4199 0x0000000105d31e90 code [0x0000000105d32000, 0x0000000105d32228]
Event: 82.996 Thread 0x00007f9dd3801000 4200       3       clojure.lang.Numbers$BigIntOps::lt (12 bytes)
Event: 82.997 Thread 0x00007f9dd3801000 nmethod 4200 0x000000010596dcd0 code [0x000000010596de60, 0x000000010596e0e8]

GC Heap History (10 events):
Event: 72.791 GC heap before
{Heap before GC invocations=10 (full 1):
 PSYoungGen      total 530944K, used 8480K [0x000000076ab00000, 0x000000079ed80000, 0x00000007c0000000)
  eden space 521216K, 0% used [0x000000076ab00000,0x000000076ab00000,0x000000078a800000)
  from space 9728K, 87% used [0x000000078a800000,0x000000078b048040,0x000000078b180000)
  to   space 10240K, 0% used [0x000000079e380000,0x000000079e380000,0x000000079ed80000)
 ParOldGen       total 175104K, used 9541K [0x00000006c0000000, 0x00000006cab00000, 0x000000076ab00000)
  object space 175104K, 5% used [0x00000006c0000000,0x00000006c0951460,0x00000006cab00000)
 Metaspace       used 19209K, capacity 21033K, committed 21248K, reserved 1067008K
  class space    used 3817K, capacity 4481K, committed 4608K, reserved 1048576K
Event: 72.912 GC heap after
Heap after GC invocations=10 (full 1):
 PSYoungGen      total 530944K, used 0K [0x000000076ab00000, 0x000000079ed80000, 0x00000007c0000000)
  eden space 521216K, 0% used [0x000000076ab00000,0x000000076ab00000,0x000000078a800000)
  from space 9728K, 0% used [0x000000078a800000,0x000000078a800000,0x000000078b180000)
  to   space 10240K, 0% used [0x000000079e380000,0x000000079e380000,0x000000079ed80000)
 ParOldGen       total 88576K, used 17499K [0x00000006c0000000, 0x00000006c5680000, 0x000000076ab00000)
  object space 88576K, 19% used [0x00000006c0000000,0x00000006c1116ca8,0x00000006c5680000)
 Metaspace       used 19208K, capacity 21031K, committed 21248K, reserved 1067008K
  class space    used 3816K, capacity 4480K, committed 4608K, reserved 1048576K
}
Event: 76.504 GC heap before
{Heap before GC invocations=11 (full 1):
 PSYoungGen      total 530944K, used 521216K [0x000000076ab00000, 0x000000079ed80000, 0x00000007c0000000)
  eden space 521216K, 100% used [0x000000076ab00000,0x000000078a800000,0x000000078a800000)
  from space 9728K, 0% used [0x000000078a800000,0x000000078a800000,0x000000078b180000)
  to   space 10240K, 0% used [0x000000079e380000,0x000000079e380000,0x000000079ed80000)
 ParOldGen       total 88576K, used 17499K [0x00000006c0000000, 0x00000006c5680000, 0x000000076ab00000)
  object space 88576K, 19% used [0x00000006c0000000,0x00000006c1116ca8,0x00000006c5680000)
 Metaspace       used 27414K, capacity 32389K, committed 32640K, reserved 1075200K
  class space    used 6130K, capacity 7763K, committed 7808K, reserved 1048576K
Event: 76.512 GC heap after
Heap after GC invocations=11 (full 1):
 PSYoungGen      total 830976K, used 7200K [0x000000076ab00000, 0x000000079eb00000, 0x00000007c0000000)
  eden space 823296K, 0% used [0x000000076ab00000,0x000000076ab00000,0x000000079cf00000)
  from space 7680K, 93% used [0x000000079e380000,0x000000079ea882c8,0x000000079eb00000)
  to   space 9728K, 0% used [0x000000079d800000,0x000000079d800000,0x000000079e180000)
 ParOldGen       total 88576K, used 17507K [0x00000006c0000000, 0x00000006c5680000, 0x000000076ab00000)
  object space 88576K, 19% used [0x00000006c0000000,0x00000006c1118ca8,0x00000006c5680000)
 Metaspace       used 27414K, capacity 32389K, committed 32640K, reserved 1075200K
  class space    used 6130K, capacity 7763K, committed 7808K, reserved 1048576K
}
Event: 77.160 GC heap before
{Heap before GC invocations=12 (full 1):
 PSYoungGen      total 830976K, used 160484K [0x000000076ab00000, 0x000000079eb00000, 0x00000007c0000000)
  eden space 823296K, 18% used [0x000000076ab00000,0x00000007740b0d68,0x000000079cf00000)
  from space 7680K, 93% used [0x000000079e380000,0x000000079ea882c8,0x000000079eb00000)
  to   space 9728K, 0% used [0x000000079d800000,0x000000079d800000,0x000000079e180000)
 ParOldGen       total 88576K, used 17507K [0x00000006c0000000, 0x00000006c5680000, 0x000000076ab00000)
  object space 88576K, 19% used [0x00000006c0000000,0x00000006c1118ca8,0x00000006c5680000)
 Metaspace       used 29334K, capacity 35389K, committed 35416K, reserved 1075200K
  class space    used 6767K, capacity 8935K, committed 8960K, reserved 1048576K
Event: 77.167 GC heap after
Heap after GC invocations=12 (full 1):
 PSYoungGen      total 842240K, used 1893K [0x000000076ab00000, 0x00000007bb200000, 0x00000007c0000000)
  eden space 832512K, 0% used [0x000000076ab00000,0x000000076ab00000,0x000000079d800000)
  from space 9728K, 19% used [0x000000079d800000,0x000000079d9d9620,0x000000079e180000)
  to   space 10752K, 0% used [0x00000007ba780000,0x00000007ba780000,0x00000007bb200000)
 ParOldGen       total 88576K, used 23333K [0x00000006c0000000, 0x00000006c5680000, 0x000000076ab00000)
  object space 88576K, 26% used [0x00000006c0000000,0x00000006c16c96c8,0x00000006c5680000)
 Metaspace       used 29334K, capacity 35389K, committed 35416K, reserved 1075200K
  class space    used 6767K, capacity 8935K, committed 8960K, reserved 1048576K
}
Event: 77.167 GC heap before
{Heap before GC invocations=13 (full 2):
 PSYoungGen      total 842240K, used 1893K [0x000000076ab00000, 0x00000007bb200000, 0x00000007c0000000)
  eden space 832512K, 0% used [0x000000076ab00000,0x000000076ab00000,0x000000079d800000)
  from space 9728K, 19% used [0x000000079d800000,0x000000079d9d9620,0x000000079e180000)
  to   space 10752K, 0% used [0x00000007ba780000,0x00000007ba780000,0x00000007bb200000)
 ParOldGen       total 88576K, used 23333K [0x00000006c0000000, 0x00000006c5680000, 0x000000076ab00000)
  object space 88576K, 26% used [0x00000006c0000000,0x00000006c16c96c8,0x00000006c5680000)
 Metaspace       used 29334K, capacity 35389K, committed 35416K, reserved 1075200K
  class space    used 6767K, capacity 8935K, committed 8960K, reserved 1048576K
Event: 77.252 GC heap after
Heap after GC invocations=13 (full 2):
 PSYoungGen      total 842240K, used 0K [0x000000076ab00000, 0x00000007bb200000, 0x00000007c0000000)
  eden space 832512K, 0% used [0x000000076ab00000,0x000000076ab00000,0x000000079d800000)
  from space 9728K, 0% used [0x000000079d800000,0x000000079d800000,0x000000079e180000)
  to   space 10752K, 0% used [0x00000007ba780000,0x00000007ba780000,0x00000007bb200000)
 ParOldGen       total 112128K, used 24267K [0x00000006c0000000, 0x00000006c6d80000, 0x000000076ab00000)
  object space 112128K, 21% used [0x00000006c0000000,0x00000006c17b2f90,0x00000006c6d80000)
 Metaspace       used 29334K, capacity 35389K, committed 35416K, reserved 1075200K
  class space    used 6767K, capacity 8935K, committed 8960K, reserved 1048576K
}
Event: 78.336 GC heap before
{Heap before GC invocations=14 (full 2):
 PSYoungGen      total 842240K, used 832512K [0x000000076ab00000, 0x00000007bb200000, 0x00000007c0000000)
  eden space 832512K, 100% used [0x000000076ab00000,0x000000079d800000,0x000000079d800000)
  from space 9728K, 0% used [0x000000079d800000,0x000000079d800000,0x000000079e180000)
  to   space 10752K, 0% used [0x00000007ba780000,0x00000007ba780000,0x00000007bb200000)
 ParOldGen       total 112128K, used 24267K [0x00000006c0000000, 0x00000006c6d80000, 0x000000076ab00000)
  object space 112128K, 21% used [0x00000006c0000000,0x00000006c17b2f90,0x00000006c6d80000)
 Metaspace       used 30763K, capacity 37581K, committed 37760K, reserved 1077248K
  class space    used 7227K, capacity 9592K, committed 9600K, reserved 1048576K
Event: 78.341 GC heap after
Heap after GC invocations=14 (full 2):
 PSYoungGen      total 1203712K, used 6466K [0x000000076ab00000, 0x00000007bae00000, 0x00000007c0000000)
  eden space 1197056K, 0% used [0x000000076ab00000,0x000000076ab00000,0x00000007b3c00000)
  from space 6656K, 97% used [0x00000007ba780000,0x00000007badd0bb8,0x00000007bae00000)
  to   space 10240K, 0% used [0x00000007b9a00000,0x00000007b9a00000,0x00000007ba400000)
 ParOldGen       total 112128K, used 24275K [0x00000006c0000000, 0x00000006c6d80000, 0x000000076ab00000)
  object space 112128K, 21% used [0x00000006c0000000,0x00000006c17b4f90,0x00000006c6d80000)
 Metaspace       used 30763K, capacity 37581K, committed 37760K, reserved 1077248K
  class space    used 7227K, capacity 9592K, committed 9600K, reserved 1048576K
}

Deoptimization events (10 events):
Event: 82.743 Thread 0x00007f9dd28f7000 Uncommon trap: reason=bimorphic action=maybe_recompile pc=0x00000001067dfdb8 method=clojure.lang.AFn.applyToHelper(Lclojure/lang/IFn;Lclojure/lang/ISeq;)Ljava/lang/Object; @ 3030
Event: 82.804 Thread 0x00007f9dd28f7000 Uncommon trap: reason=unreached action=reinterpret pc=0x00000001062310e0 method=clojure.core$refer.doInvoke(Ljava/lang/Object;Ljava/lang/Object;)Ljava/lang/Object; @ 356
Event: 82.820 Thread 0x00007f9dd28f7000 Uncommon trap: reason=unloaded action=reinterpret pc=0x0000000105ba016c method=clojure.lang.RT.seqFrom(Ljava/lang/Object;)Lclojure/lang/ISeq; @ 39
Event: 82.820 Thread 0x00007f9dd28f7000 Uncommon trap: reason=class_check action=maybe_recompile pc=0x0000000106906028 method=clojure.lang.RT.seqFrom(Ljava/lang/Object;)Lclojure/lang/ISeq; @ 31
Event: 82.820 Thread 0x00007f9dd28f7000 Uncommon trap: reason=class_check action=maybe_recompile pc=0x0000000105d98f90 method=clojure.lang.RT.seqFrom(Ljava/lang/Object;)Lclojure/lang/ISeq; @ 31
Event: 82.865 Thread 0x00007f9dd28f7000 Uncommon trap: reason=class_check action=maybe_recompile pc=0x000000010610dc7c method=clojure.lang.Numbers$LongOps.combine(Lclojure/lang/Numbers$Ops;)Lclojure/lang/Numbers$Ops; @ 2
Event: 82.865 Thread 0x00007f9dd28f7000 Uncommon trap: reason=class_check action=maybe_recompile pc=0x0000000105e36ca8 method=clojure.lang.RT.longCast(Ljava/lang/Object;)J @ 8
Event: 82.866 Thread 0x00007f9dd28f7000 Uncommon trap: reason=class_check action=maybe_recompile pc=0x000000010610dc7c method=clojure.lang.Numbers$LongOps.combine(Lclojure/lang/Numbers$Ops;)Lclojure/lang/Numbers$Ops; @ 2
Event: 82.866 Thread 0x00007f9dd28f7000 Uncommon trap: reason=class_check action=maybe_recompile pc=0x0000000105f1bbf0 method=clojure.lang.RT.longCast(Ljava/lang/Object;)J @ 8
Event: 82.967 Thread 0x00007f9dd28f7000 Uncommon trap: reason=class_check action=maybe_recompile pc=0x000000010610dc7c method=clojure.lang.Numbers$LongOps.combine(Lclojure/lang/Numbers$Ops;)Lclojure/lang/Numbers$Ops; @ 2

Internal exceptions (10 events):
Event: 82.863 Thread 0x00007f9dd28f7000 Exception <a 'java/security/PrivilegedActionException'> (0x00000007b0b80d80) thrown at [/HUDSON3/workspace/8-2-build-macosx-x86_64/jdk8u25/1514/hotspot/src/share/vm/prims/jvm.cpp, line 1312]
Event: 82.863 Thread 0x00007f9dd28f7000 Exception <a 'java/security/PrivilegedActionException'> (0x00000007b0b817a0) thrown at [/HUDSON3/workspace/8-2-build-macosx-x86_64/jdk8u25/1514/hotspot/src/share/vm/prims/jvm.cpp, line 1312]
Event: 82.867 Thread 0x00007f9ddad86000 Exception <a 'java/security/PrivilegedActionException'> (0x00000007b13db0d0) thrown at [/HUDSON3/workspace/8-2-build-macosx-x86_64/jdk8u25/1514/hotspot/src/share/vm/prims/jvm.cpp, line 1312]
Event: 82.869 Thread 0x00007f9ddad86000 Exception <a 'java/security/PrivilegedActionException'> (0x00000007b13e23d0) thrown at [/HUDSON3/workspace/8-2-build-macosx-x86_64/jdk8u25/1514/hotspot/src/share/vm/prims/jvm.cpp, line 1312]
Event: 82.870 Thread 0x00007f9ddad86000 Exception <a 'java/security/PrivilegedActionException'> (0x00000007b13e8f48) thrown at [/HUDSON3/workspace/8-2-build-macosx-x86_64/jdk8u25/1514/hotspot/src/share/vm/prims/jvm.cpp, line 1312]
Event: 82.871 Thread 0x00007f9ddad86000 Exception <a 'java/security/PrivilegedActionException'> (0x00000007b13eddb8) thrown at [/HUDSON3/workspace/8-2-build-macosx-x86_64/jdk8u25/1514/hotspot/src/share/vm/prims/jvm.cpp, line 1312]
Event: 82.878 Thread 0x00007f9ddad86000 Exception <a 'java/security/PrivilegedActionException'> (0x00000007b145e738) thrown at [/HUDSON3/workspace/8-2-build-macosx-x86_64/jdk8u25/1514/hotspot/src/share/vm/prims/jvm.cpp, line 1312]
Event: 82.878 Thread 0x00007f9ddad86000 Exception <a 'java/security/PrivilegedActionException'> (0x00000007b1467ce8) thrown at [/HUDSON3/workspace/8-2-build-macosx-x86_64/jdk8u25/1514/hotspot/src/share/vm/prims/jvm.cpp, line 1312]
Event: 82.878 Thread 0x00007f9ddad86000 Exception <a 'java/security/PrivilegedActionException'> (0x00000007b14686e0) thrown at [/HUDSON3/workspace/8-2-build-macosx-x86_64/jdk8u25/1514/hotspot/src/share/vm/prims/jvm.cpp, line 1312]
Event: 82.879 Thread 0x00007f9ddad86000 Exception <a 'java/security/PrivilegedActionException'> (0x00000007b146e978) thrown at [/HUDSON3/workspace/8-2-build-macosx-x86_64/jdk8u25/1514/hotspot/src/share/vm/prims/jvm.cpp, line 1312]

Events (10 events):
Event: 82.878 loading class com/sun/jna/Structure$2$StructureSet done
Event: 82.879 loading class com/sun/jna/NativeString
Event: 82.879 loading class com/sun/jna/NativeString done
Event: 82.967 Thread 0x00007f9dd28f7000 Uncommon trap: trap_request=0xffffffde fr.pc=0x000000010610dc7c
Event: 82.967 Thread 0x00007f9dd28f7000 DEOPT PACKING pc=0x000000010610dc7c sp=0x0000000124130ea0
Event: 82.967 Thread 0x00007f9dd28f7000 DEOPT UNPACKING pc=0x0000000105823f69 sp=0x0000000124130e50 mode 2
Event: 82.996 Executing VM operation: RevokeBias
Event: 82.996 Executing VM operation: RevokeBias done
Event: 82.997 Executing VM operation: RevokeBias
Event: 82.997 Executing VM operation: RevokeBias done


Dynamic libraries:
0x000000000bde1000 	/System/Library/Frameworks/Cocoa.framework/Versions/A/Cocoa
0x000000000bde1000 	/System/Library/Frameworks/Security.framework/Versions/A/Security
0x000000000bde1000 	/System/Library/Frameworks/ApplicationServices.framework/Versions/A/ApplicationServices
0x000000000bde1000 	/usr/lib/libz.1.dylib
0x000000000bde1000 	/usr/lib/libSystem.B.dylib
0x000000000bde1000 	/usr/lib/libobjc.A.dylib
0x000000000bde1000 	/System/Library/Frameworks/CoreFoundation.framework/Versions/A/CoreFoundation
0x000000000bde1000 	/System/Library/Frameworks/Foundation.framework/Versions/C/Foundation
0x000000000bde1000 	/System/Library/Frameworks/AppKit.framework/Versions/C/AppKit
0x000000000bde1000 	/System/Library/Frameworks/CoreData.framework/Versions/A/CoreData
0x000000000bde1000 	/System/Library/PrivateFrameworks/RemoteViewServices.framework/Versions/A/RemoteViewServices
0x000000000bde1000 	/System/Library/PrivateFrameworks/UIFoundation.framework/Versions/A/UIFoundation
0x000000000bde1000 	/System/Library/Frameworks/IOSurface.framework/Versions/A/IOSurface
0x000000000bde1000 	/System/Library/Frameworks/AudioToolbox.framework/Versions/A/AudioToolbox
0x000000000bde1000 	/System/Library/Frameworks/AudioUnit.framework/Versions/A/AudioUnit
0x000000000bde1000 	/System/Library/PrivateFrameworks/DataDetectorsCore.framework/Versions/A/DataDetectorsCore
0x000000000bde1000 	/System/Library/PrivateFrameworks/DesktopServicesPriv.framework/Versions/A/DesktopServicesPriv
0x000000000bde1000 	/System/Library/Frameworks/Carbon.framework/Versions/A/Frameworks/HIToolbox.framework/Versions/A/HIToolbox
0x000000000bde1000 	/System/Library/Frameworks/QuartzCore.framework/Versions/A/QuartzCore
0x000000000bde1000 	/System/Library/Frameworks/Carbon.framework/Versions/A/Frameworks/SpeechRecognition.framework/Versions/A/SpeechRecognition
0x000000000bde1000 	/usr/lib/libauto.dylib
0x000000000bde1000 	/usr/lib/libicucore.A.dylib
0x000000000bde1000 	/usr/lib/libxml2.2.dylib
0x000000000bde1000 	/System/Library/PrivateFrameworks/CoreUI.framework/Versions/A/CoreUI
0x000000000bde1000 	/System/Library/Frameworks/CoreAudio.framework/Versions/A/CoreAudio
0x000000000bde1000 	/System/Library/Frameworks/DiskArbitration.framework/Versions/A/DiskArbitration
0x000000000bde1000 	/usr/lib/liblangid.dylib
0x000000000bde1000 	/System/Library/PrivateFrameworks/MultitouchSupport.framework/Versions/A/MultitouchSupport
0x000000000bde1000 	/System/Library/Frameworks/IOKit.framework/Versions/A/IOKit
0x000000000bde1000 	/usr/lib/libDiagnosticMessagesClient.dylib
0x000000000bde1000 	/System/Library/Frameworks/CoreServices.framework/Versions/A/CoreServices
0x000000000bde1000 	/System/Library/PrivateFrameworks/PerformanceAnalysis.framework/Versions/A/PerformanceAnalysis
0x000000000bde1000 	/System/Library/PrivateFrameworks/GenerationalStorage.framework/Versions/A/GenerationalStorage
0x000000000bde1000 	/System/Library/Frameworks/OpenGL.framework/Versions/A/OpenGL
0x000000000bde1000 	/System/Library/PrivateFrameworks/Sharing.framework/Versions/A/Sharing
0x000000000bde1000 	/System/Library/Frameworks/CoreGraphics.framework/Versions/A/CoreGraphics
0x000000000bde1000 	/System/Library/Frameworks/CoreText.framework/Versions/A/CoreText
0x000000000bde1000 	/System/Library/Frameworks/ImageIO.framework/Versions/A/ImageIO
0x000000000bde1000 	/usr/lib/libextension.dylib
0x000000000bde1000 	/System/Library/PrivateFrameworks/Backup.framework/Versions/A/Backup
0x000000000bde1000 	/usr/lib/libarchive.2.dylib
0x000000000bde1000 	/System/Library/Frameworks/CFNetwork.framework/Versions/A/CFNetwork
0x000000000bde1000 	/System/Library/Frameworks/SystemConfiguration.framework/Versions/A/SystemConfiguration
0x000000000bde1000 	/usr/lib/libCRFSuite.dylib
0x000000000bde1000 	/usr/lib/libc++.1.dylib
0x000000000bde1000 	/usr/lib/libc++abi.dylib
0x000000000bde1000 	/usr/lib/system/libcache.dylib
0x000000000bde1000 	/usr/lib/system/libcommonCrypto.dylib
0x000000000bde1000 	/usr/lib/system/libcompiler_rt.dylib
0x000000000bde1000 	/usr/lib/system/libcopyfile.dylib
0x000000000bde1000 	/usr/lib/system/libcorecrypto.dylib
0x000000000bde1000 	/usr/lib/system/libdispatch.dylib
0x000000000bde1000 	/usr/lib/system/libdyld.dylib
0x000000000bde1000 	/usr/lib/system/libkeymgr.dylib
0x000000000bde1000 	/usr/lib/system/liblaunch.dylib
0x000000000bde1000 	/usr/lib/system/libmacho.dylib
0x000000000bde1000 	/usr/lib/system/libquarantine.dylib
0x000000000bde1000 	/usr/lib/system/libremovefile.dylib
0x000000000bde1000 	/usr/lib/system/libsystem_asl.dylib
0x000000000bde1000 	/usr/lib/system/libsystem_blocks.dylib
0x000000000bde1000 	/usr/lib/system/libsystem_c.dylib
0x000000000bde1000 	/usr/lib/system/libsystem_configuration.dylib
0x000000000bde1000 	/usr/lib/system/libsystem_coreservices.dylib
0x000000000bde1000 	/usr/lib/system/libsystem_coretls.dylib
0x000000000bde1000 	/usr/lib/system/libsystem_dnssd.dylib
0x000000000bde1000 	/usr/lib/system/libsystem_info.dylib
0x000000000bde1000 	/usr/lib/system/libsystem_kernel.dylib
0x000000000bde1000 	/usr/lib/system/libsystem_m.dylib
0x000000000bde1000 	/usr/lib/system/libsystem_malloc.dylib
0x000000000bde1000 	/usr/lib/system/libsystem_network.dylib
0x000000000bde1000 	/usr/lib/system/libsystem_networkextension.dylib
0x000000000bde1000 	/usr/lib/system/libsystem_notify.dylib
0x000000000bde1000 	/usr/lib/system/libsystem_platform.dylib
0x000000000bde1000 	/usr/lib/system/libsystem_pthread.dylib
0x000000000bde1000 	/usr/lib/system/libsystem_sandbox.dylib
0x000000000bde1000 	/usr/lib/system/libsystem_secinit.dylib
0x000000000bde1000 	/usr/lib/system/libsystem_stats.dylib
0x000000000bde1000 	/usr/lib/system/libsystem_trace.dylib
0x000000000bde1000 	/usr/lib/system/libunc.dylib
0x000000000bde1000 	/usr/lib/system/libunwind.dylib
0x000000000bde1000 	/usr/lib/system/libxpc.dylib
0x000000000bde1000 	/usr/lib/libbz2.1.0.dylib
0x000000000bde1000 	/usr/lib/liblzma.5.dylib
0x000000000bde1000 	/usr/lib/libbsm.0.dylib
0x000000000bde1000 	/usr/lib/libsqlite3.dylib
0x000000000bde1000 	/usr/lib/system/libkxld.dylib
0x000000000bde1000 	/usr/lib/libxar.1.dylib
0x000000000bde1000 	/usr/lib/libpam.2.dylib
0x000000000bde1000 	/usr/lib/libOpenScriptingUtil.dylib
0x000000000bde1000 	/System/Library/Frameworks/CoreServices.framework/Versions/A/Frameworks/FSEvents.framework/Versions/A/FSEvents
0x000000000bde1000 	/System/Library/Frameworks/CoreServices.framework/Versions/A/Frameworks/CarbonCore.framework/Versions/A/CarbonCore
0x000000000bde1000 	/System/Library/Frameworks/CoreServices.framework/Versions/A/Frameworks/Metadata.framework/Versions/A/Metadata
0x000000000bde1000 	/System/Library/Frameworks/CoreServices.framework/Versions/A/Frameworks/OSServices.framework/Versions/A/OSServices
0x000000000bde1000 	/System/Library/Frameworks/CoreServices.framework/Versions/A/Frameworks/SearchKit.framework/Versions/A/SearchKit
0x000000000bde1000 	/System/Library/Frameworks/CoreServices.framework/Versions/A/Frameworks/AE.framework/Versions/A/AE
0x000000000bde1000 	/System/Library/Frameworks/CoreServices.framework/Versions/A/Frameworks/LaunchServices.framework/Versions/A/LaunchServices
0x000000000bde1000 	/System/Library/Frameworks/CoreServices.framework/Versions/A/Frameworks/DictionaryServices.framework/Versions/A/DictionaryServices
0x000000000bde1000 	/System/Library/Frameworks/NetFS.framework/Versions/A/NetFS
0x000000000bde1000 	/System/Library/PrivateFrameworks/NetAuth.framework/Versions/A/NetAuth
0x000000000bde1000 	/System/Library/PrivateFrameworks/login.framework/Versions/A/Frameworks/loginsupport.framework/Versions/A/loginsupport
0x000000000bde1000 	/System/Library/PrivateFrameworks/TCC.framework/Versions/A/TCC
0x000000000bde1000 	/usr/lib/libmecabra.dylib
0x000000000bde1000 	/System/Library/PrivateFrameworks/LanguageModeling.framework/Versions/A/LanguageModeling
0x000000000bde1000 	/usr/lib/libcmph.dylib
0x000000000bde1000 	/usr/lib/libiconv.2.dylib
0x000000000bde1000 	/System/Library/Frameworks/OpenDirectory.framework/Versions/A/Frameworks/CFOpenDirectory.framework/Versions/A/CFOpenDirectory
0x000000000bde1000 	/System/Library/Frameworks/ServiceManagement.framework/Versions/A/ServiceManagement
0x000000000bde1000 	/usr/lib/libxslt.1.dylib
0x000000000bde1000 	/System/Library/Frameworks/Carbon.framework/Versions/A/Frameworks/Ink.framework/Versions/A/Ink
0x000000000bde1000 	/System/Library/Frameworks/ApplicationServices.framework/Versions/A/Frameworks/ATS.framework/Versions/A/ATS
0x000000000bde1000 	/System/Library/Frameworks/ApplicationServices.framework/Versions/A/Frameworks/ColorSync.framework/Versions/A/ColorSync
0x000000000bde1000 	/System/Library/Frameworks/ApplicationServices.framework/Versions/A/Frameworks/HIServices.framework/Versions/A/HIServices
0x000000000bde1000 	/System/Library/Frameworks/ApplicationServices.framework/Versions/A/Frameworks/LangAnalysis.framework/Versions/A/LangAnalysis
0x000000000bde1000 	/System/Library/Frameworks/ApplicationServices.framework/Versions/A/Frameworks/PrintCore.framework/Versions/A/PrintCore
0x000000000bde1000 	/System/Library/Frameworks/ApplicationServices.framework/Versions/A/Frameworks/QD.framework/Versions/A/QD
0x000000000bde1000 	/System/Library/Frameworks/ApplicationServices.framework/Versions/A/Frameworks/SpeechSynthesis.framework/Versions/A/SpeechSynthesis
0x000000000bde1000 	/System/Library/Frameworks/Accelerate.framework/Versions/A/Accelerate
0x000000000bde1000 	/System/Library/Frameworks/Accelerate.framework/Versions/A/Frameworks/vImage.framework/Versions/A/vImage
0x000000000bde1000 	/System/Library/Frameworks/Accelerate.framework/Versions/A/Frameworks/vecLib.framework/Versions/A/vecLib
0x000000000bde1000 	/System/Library/Frameworks/Accelerate.framework/Versions/A/Frameworks/vecLib.framework/Versions/A/libvDSP.dylib
0x000000000bde1000 	/System/Library/Frameworks/Accelerate.framework/Versions/A/Frameworks/vecLib.framework/Versions/A/libvMisc.dylib
0x000000000bde1000 	/System/Library/Frameworks/Accelerate.framework/Versions/A/Frameworks/vecLib.framework/Versions/A/libLAPACK.dylib
0x000000000bde1000 	/System/Library/Frameworks/Accelerate.framework/Versions/A/Frameworks/vecLib.framework/Versions/A/libBLAS.dylib
0x000000000bde1000 	/System/Library/Frameworks/Accelerate.framework/Versions/A/Frameworks/vecLib.framework/Versions/A/libLinearAlgebra.dylib
0x000000000bde1000 	/System/Library/Frameworks/ApplicationServices.framework/Versions/A/Frameworks/ATS.framework/Versions/A/Resources/libFontParser.dylib
0x000000000bde1000 	/System/Library/Frameworks/ApplicationServices.framework/Versions/A/Frameworks/ATS.framework/Versions/A/Resources/libFontRegistry.dylib
0x000000000bde1000 	/System/Library/PrivateFrameworks/AppleVPA.framework/Versions/A/AppleVPA
0x000000000bde1000 	/System/Library/PrivateFrameworks/AppleJPEG.framework/Versions/A/AppleJPEG
0x000000000bde1000 	/System/Library/Frameworks/ImageIO.framework/Versions/A/Resources/libJPEG.dylib
0x000000000bde1000 	/System/Library/Frameworks/ImageIO.framework/Versions/A/Resources/libTIFF.dylib
0x000000000bde1000 	/System/Library/Frameworks/ImageIO.framework/Versions/A/Resources/libPng.dylib
0x000000000bde1000 	/System/Library/Frameworks/ImageIO.framework/Versions/A/Resources/libGIF.dylib
0x000000000bde1000 	/System/Library/Frameworks/ImageIO.framework/Versions/A/Resources/libJP2.dylib
0x000000000bde1000 	/System/Library/Frameworks/ImageIO.framework/Versions/A/Resources/libRadiance.dylib
0x000000000bde1000 	/System/Library/Frameworks/CoreVideo.framework/Versions/A/CoreVideo
0x000000000bde1000 	/System/Library/Frameworks/OpenGL.framework/Versions/A/Libraries/libGLU.dylib
0x000000000bde1000 	/System/Library/Frameworks/OpenGL.framework/Versions/A/Libraries/libGFXShared.dylib
0x000000000bde1000 	/System/Library/Frameworks/OpenGL.framework/Versions/A/Libraries/libGL.dylib
0x000000000bde1000 	/System/Library/Frameworks/OpenGL.framework/Versions/A/Libraries/libGLImage.dylib
0x000000000bde1000 	/System/Library/Frameworks/OpenGL.framework/Versions/A/Libraries/libCVMSPluginSupport.dylib
0x000000000bde1000 	/System/Library/Frameworks/OpenGL.framework/Versions/A/Libraries/libCoreVMClient.dylib
0x000000000bde1000 	/usr/lib/libcups.2.dylib
0x000000000bde1000 	/System/Library/Frameworks/Kerberos.framework/Versions/A/Kerberos
0x000000000bde1000 	/System/Library/Frameworks/GSS.framework/Versions/A/GSS
0x000000000bde1000 	/usr/lib/libresolv.9.dylib
0x000000000bde1000 	/System/Library/PrivateFrameworks/Heimdal.framework/Versions/A/Heimdal
0x000000000bde1000 	/usr/lib/libheimdal-asn1.dylib
0x000000000bde1000 	/System/Library/Frameworks/OpenDirectory.framework/Versions/A/OpenDirectory
0x000000000bde1000 	/System/Library/PrivateFrameworks/CommonAuth.framework/Versions/A/CommonAuth
0x000000000bde1000 	/System/Library/Frameworks/SecurityFoundation.framework/Versions/A/SecurityFoundation
0x000000000bde1000 	/System/Library/Frameworks/QuartzCore.framework/Versions/A/Frameworks/CoreImage.framework/Versions/A/CoreImage
0x000000000bde1000 	/System/Library/PrivateFrameworks/CrashReporterSupport.framework/Versions/A/CrashReporterSupport
0x000000000bde1000 	/System/Library/Frameworks/OpenCL.framework/Versions/A/OpenCL
0x000000000bde1000 	/System/Library/PrivateFrameworks/FaceCore.framework/Versions/A/FaceCore
0x000000000bde1000 	/System/Library/PrivateFrameworks/Ubiquity.framework/Versions/A/Ubiquity
0x000000000bde1000 	/System/Library/PrivateFrameworks/IconServices.framework/Versions/A/IconServices
0x000000000bde1000 	/System/Library/PrivateFrameworks/ChunkingLibrary.framework/Versions/A/ChunkingLibrary
0x000000000bde1000 	/System/Library/PrivateFrameworks/Apple80211.framework/Versions/A/Apple80211
0x000000000bde1000 	/System/Library/Frameworks/CoreWLAN.framework/Versions/A/CoreWLAN
0x000000000bde1000 	/System/Library/Frameworks/IOBluetooth.framework/Versions/A/IOBluetooth
0x000000000bde1000 	/System/Library/PrivateFrameworks/CoreWiFi.framework/Versions/A/CoreWiFi
0x000000000bde1000 	/System/Library/Frameworks/CoreBluetooth.framework/Versions/A/CoreBluetooth
0x000000000bde1000 	/System/Library/PrivateFrameworks/DebugSymbols.framework/Versions/A/DebugSymbols
0x000000000bde1000 	/System/Library/PrivateFrameworks/CoreSymbolication.framework/Versions/A/CoreSymbolication
0x000000000bde1000 	/System/Library/PrivateFrameworks/Symbolication.framework/Versions/A/Symbolication
0x000000000bde1000 	/System/Library/PrivateFrameworks/SpeechRecognitionCore.framework/Versions/A/SpeechRecognitionCore
0x0000000104800000 	/Library/Java/JavaVirtualMachines/jdk1.8.0_25.jdk/Contents/Home/jre/lib/server/libjvm.dylib
0x000000000bde1000 	/usr/lib/libstdc++.6.dylib
0x0000000103707000 	/Library/Java/JavaVirtualMachines/jdk1.8.0_25.jdk/Contents/Home/jre/lib/libverify.dylib
0x0000000103715000 	/Library/Java/JavaVirtualMachines/jdk1.8.0_25.jdk/Contents/Home/jre/lib/libjava.dylib
0x0000000103753000 	/Library/Java/JavaVirtualMachines/jdk1.8.0_25.jdk/Contents/Home/jre/lib/libzip.dylib
0x000000012135a000 	/System/Library/Frameworks/JavaVM.framework/Frameworks/JavaRuntimeSupport.framework/JavaRuntimeSupport
0x0000000121370000 	/System/Library/Frameworks/JavaVM.framework/Versions/A/Frameworks/JavaNativeFoundation.framework/Versions/A/JavaNativeFoundation
0x0000000121384000 	/System/Library/Frameworks/JavaVM.framework/Versions/A/JavaVM
0x000000000bde1000 	/System/Library/Frameworks/Carbon.framework/Versions/A/Carbon
0x00000001037f5000 	/System/Library/PrivateFrameworks/JavaLaunching.framework/Versions/A/JavaLaunching
0x000000000bde1000 	/System/Library/Frameworks/Carbon.framework/Versions/A/Frameworks/CommonPanels.framework/Versions/A/CommonPanels
0x000000000bde1000 	/System/Library/Frameworks/Carbon.framework/Versions/A/Frameworks/Help.framework/Versions/A/Help
0x000000000bde1000 	/System/Library/Frameworks/Carbon.framework/Versions/A/Frameworks/ImageCapture.framework/Versions/A/ImageCapture
0x000000000bde1000 	/System/Library/Frameworks/Carbon.framework/Versions/A/Frameworks/OpenScripting.framework/Versions/A/OpenScripting
0x000000000bde1000 	/System/Library/Frameworks/Carbon.framework/Versions/A/Frameworks/Print.framework/Versions/A/Print
0x000000000bde1000 	/System/Library/Frameworks/Carbon.framework/Versions/A/Frameworks/SecurityHI.framework/Versions/A/SecurityHI
0x00000001233b0000 	/Library/Java/JavaVirtualMachines/jdk1.8.0_25.jdk/Contents/Home/jre/lib/libnet.dylib
0x00000001242c2000 	/Library/Java/JavaVirtualMachines/jdk1.8.0_25.jdk/Contents/Home/jre/lib/libawt.dylib
0x0000000124371000 	/Library/Java/JavaVirtualMachines/jdk1.8.0_25.jdk/Contents/Home/jre/lib/./libmlib_image.dylib
0x000000012484e000 	/Library/Java/JavaVirtualMachines/jdk1.8.0_25.jdk/Contents/Home/jre/lib/libawt_lwawt.dylib
0x000000012443d000 	/Library/Java/JavaVirtualMachines/jdk1.8.0_25.jdk/Contents/Home/jre/lib/./libosxapp.dylib
0x000000000bde1000 	/System/Library/Frameworks/ExceptionHandling.framework/Versions/A/ExceptionHandling
0x000000000bde1000 	/System/Library/PrivateFrameworks/CoreServicesInternal.framework/Versions/A/CoreServicesInternal
0x000000000bde1000 	/System/Library/PrivateFrameworks/CloudDocs.framework/Versions/A/CloudDocs
0x000000000bde1000 	/System/Library/PrivateFrameworks/CoreDuet.framework/Versions/A/CoreDuet
0x000000000bde1000 	/System/Library/Frameworks/CloudKit.framework/Versions/A/CloudKit
0x000000000bde1000 	/System/Library/PrivateFrameworks/ProtocolBuffer.framework/Versions/A/ProtocolBuffer
0x000000000bde1000 	/System/Library/PrivateFrameworks/CoreDuetDaemonProtocol.framework/Versions/A/CoreDuetDaemonProtocol
0x000000000bde1000 	/System/Library/PrivateFrameworks/CoreDuetDebugLogging.framework/Versions/A/CoreDuetDebugLogging
0x000000000bde1000 	/System/Library/Frameworks/CoreLocation.framework/Versions/A/CoreLocation
0x000000000bde1000 	/System/Library/Frameworks/Accounts.framework/Versions/A/Accounts
0x000000000bde1000 	/System/Library/PrivateFrameworks/ApplePushService.framework/Versions/A/ApplePushService
0x000000000bde1000 	/System/Library/PrivateFrameworks/GeoServices.framework/Versions/A/GeoServices
0x000000000bde1000 	/System/Library/PrivateFrameworks/OAuth.framework/Versions/A/OAuth
0x000000000bde1000 	/System/Library/PrivateFrameworks/CoreDaemon.framework/Versions/B/CoreDaemon
0x000000000bde1000 	/usr/lib/libcrypto.0.9.8.dylib
0x000000000bde1000 	/System/Library/PrivateFrameworks/AppleSRP.framework/Versions/A/AppleSRP
0x000000000bde1000 	/System/Library/PrivateFrameworks/TrustEvaluationAgent.framework/Versions/A/TrustEvaluationAgent
0x000000000bde1000 	/System/Library/Frameworks/CoreGraphics.framework/Versions/A/Resources/libCGCMS.A.dylib
0x000000000bde1000 	/System/Library/Frameworks/CoreGraphics.framework/Versions/A/Resources/libRIP.A.dylib
0x000000000bde1000 	/System/Library/Frameworks/CoreGraphics.framework/Versions/A/Resources/libCGXType.A.dylib
0x000000000bde1000 	/System/Library/Frameworks/OpenCL.framework/Versions/A/Libraries/libcldcpuengine.dylib
0x000000000bde1000 	/System/Library/PrivateFrameworks/DiskImages.framework/Versions/A/DiskImages
0x000000000bde1000 	/System/Library/Frameworks/DiscRecording.framework/Versions/A/DiscRecording
0x000000000bde1000 	/usr/lib/libcsfde.dylib
0x000000000bde1000 	/usr/lib/libcurl.4.dylib
0x000000000bde1000 	/System/Library/PrivateFrameworks/MediaKit.framework/Versions/A/MediaKit
0x000000000bde1000 	/System/Library/PrivateFrameworks/ProtectedCloudStorage.framework/Versions/A/ProtectedCloudStorage
0x000000000bde1000 	/usr/lib/libCoreStorage.dylib
0x000000000bde1000 	/System/Library/PrivateFrameworks/EFILogin.framework/Versions/A/EFILogin
0x000000000bde1000 	/usr/lib/libutil.dylib
0x000000000bde1000 	/System/Library/PrivateFrameworks/FindMyDevice.framework/Versions/A/FindMyDevice
0x000000000bde1000 	/System/Library/Frameworks/LDAP.framework/Versions/A/LDAP
0x000000000bde1000 	/usr/lib/libsasl2.2.dylib
0x0000000123429000 	cl_kernels
0x0000000127da0000 	/System/Library/Frameworks/OpenCL.framework/Versions/A/Libraries/ImageFormats/unorm8_bgra.dylib
0x00000001214d4000 	cl_kernels
0x000000000bde1000 	/System/Library/PrivateFrameworks/FamilyControls.framework/Versions/A/FamilyControls
0x000000000bde1000 	/System/Library/PrivateFrameworks/CommerceKit.framework/Versions/A/Frameworks/CommerceCore.framework/Versions/A/CommerceCore
0x000000000bde1000 	/System/Library/PrivateFrameworks/SystemAdministration.framework/Versions/A/SystemAdministration
0x000000000bde1000 	/System/Library/PrivateFrameworks/AppContainer.framework/Versions/A/AppContainer
0x000000000bde1000 	/System/Library/PrivateFrameworks/SecCodeWrapper.framework/Versions/A/SecCodeWrapper
0x000000000bde1000 	/System/Library/Frameworks/DirectoryService.framework/Versions/A/DirectoryService
0x000000000bde1000 	/System/Library/PrivateFrameworks/LoginUIKit.framework/Versions/A/Frameworks/LoginUICore.framework/Versions/A/LoginUICore
0x000000000bde1000 	/usr/lib/libodfde.dylib
0x0000000123860000 	/Library/Java/JavaVirtualMachines/jdk1.8.0_25.jdk/Contents/Home/jre/lib/libfontmanager.dylib
0x000000000bde1000 	/System/Library/Frameworks/OpenGL.framework/Versions/A/Resources/GLEngine.bundle/GLEngine
0x000000000bde1000 	/System/Library/Frameworks/OpenGL.framework/Versions/A/Libraries/libGLProgrammability.dylib
0x0000000000000000 	/System/Library/Extensions/AppleIntelHD5000GraphicsGLDriver.bundle/Contents/MacOS/AppleIntelHD5000GraphicsGLDriver
0x000000000bde1000 	/System/Library/PrivateFrameworks/IOAccelerator.framework/Versions/A/IOAccelerator
0x000000000bde1000 	/System/Library/PrivateFrameworks/GPUSupport.framework/Versions/A/Libraries/libGPUSupportMercury.dylib
0x0000000000000000 	/System/Library/Extensions/GeForceGLDriver.bundle/Contents/MacOS/GeForceGLDriver
0x000000000bde1000 	/System/Library/Extensions/GeForceGLDriver.bundle/Contents/MacOS/libclh.dylib
0x000000000bde1000 	/System/Library/Frameworks/OpenGL.framework/Versions/A/Resources/GLRendererFloat.bundle/GLRendererFloat
0x00000001253f0000 	/Library/Java/JavaVirtualMachines/jdk1.8.0_25.jdk/Contents/Home/jre/lib/libnio.dylib
0x0000000124bc8000 	/private/var/folders/15/q82tr7cs1clgcsynyn08xrmm0000gn/T/jna/jna6764483980980518833.tmp
0x000000012cac3000 	/Users/sebastian/projects/insane-noises/target/native/macosx/x86_64/libscsynth.dylib
0x00000001234e4000 	/Library/Java/JavaVirtualMachines/jdk1.8.0_25.jdk/Contents/Home/jre/lib/libjsound.dylib
0x0000000124c2e000 	/System/Library/Frameworks/CoreMIDI.framework/Versions/A/CoreMIDI
0x000000000bde1000 	/usr/lib/libexpat.1.dylib
0x00000001234f7000 	/System/Library/Extensions/AppleHDA.kext/Contents/PlugIns/AppleHDAHALPlugIn.bundle/Contents/MacOS/AppleHDAHALPlugIn
0x0000000123508000 	/Library/Java/JavaVirtualMachines/jdk1.8.0_25.jdk/Contents/Home/jre/lib/libmanagement.dylib
0x0000000123515000 	/Users/sebastian/projects/insane-noises/target/native/macosx/x86_64/AmbisonicUGens.scx
0x000000012351b000 	/Users/sebastian/projects/insane-noises/target/native/macosx/x86_64/AtkUGens.scx
0x0000000123534000 	/Users/sebastian/projects/insane-noises/target/native/macosx/x86_64/AY_UGen.scx
0x000000012353b000 	/Users/sebastian/projects/insane-noises/target/native/macosx/x86_64/BatPVUgens.scx
0x0000000123543000 	/Users/sebastian/projects/insane-noises/target/native/macosx/x86_64/BatUGens.scx
0x0000000123548000 	/Users/sebastian/projects/insane-noises/target/native/macosx/x86_64/BBCut2UGens.scx
0x0000000123586000 	/Users/sebastian/projects/insane-noises/target/native/macosx/x86_64/BerlachUGens.scx
0x0000000123550000 	/Users/sebastian/projects/insane-noises/target/native/macosx/x86_64/BetablockerUGens.scx
0x0000000123597000 	/Users/sebastian/projects/insane-noises/target/native/macosx/x86_64/BhobChaos.scx
0x0000000123725000 	/Users/sebastian/projects/insane-noises/target/native/macosx/x86_64/BhobFFT.scx
0x0000000123738000 	/Users/sebastian/projects/insane-noises/target/native/macosx/x86_64/BhobFilt.scx
0x00000001235a2000 	/Users/sebastian/projects/insane-noises/target/native/macosx/x86_64/BhobGrain.scx
0x000000012377b000 	/Users/sebastian/projects/insane-noises/target/native/macosx/x86_64/BhobNoise.scx
0x0000000124c8c000 	/Users/sebastian/projects/insane-noises/target/native/macosx/x86_64/BinaryOpUGens.scx
0x000000012374a000 	/Users/sebastian/projects/insane-noises/target/native/macosx/x86_64/BlackrainUGens.scx
0x00000001238c7000 	/Users/sebastian/projects/insane-noises/target/native/macosx/x86_64/ChaosUGens.scx
0x00000001238d0000 	/Users/sebastian/projects/insane-noises/target/native/macosx/x86_64/Concat.scx
0x0000000124cb5000 	/Users/sebastian/projects/insane-noises/target/native/macosx/x86_64/DelayUGens.scx
0x00000001238d7000 	/Users/sebastian/projects/insane-noises/target/native/macosx/x86_64/DemandUGens.scx
0x000000012ca41000 	/Users/sebastian/projects/insane-noises/target/native/macosx/x86_64/DiskIO_UGens.scx
0x0000000123558000 	/Users/sebastian/projects/insane-noises/target/native/macosx/x86_64/DistortionUGens.scx
0x00000001238e2000 	/Users/sebastian/projects/insane-noises/target/native/macosx/x86_64/DynNoiseUGens.scx
0x00000001245c3000 	/Users/sebastian/projects/insane-noises/target/native/macosx/x86_64/FFT_UGens.scx
0x000000012374f000 	/Users/sebastian/projects/insane-noises/target/native/macosx/x86_64/FilterUGens.scx
0x000000012376b000 	/Users/sebastian/projects/insane-noises/target/native/macosx/x86_64/GendynUGens.scx
0x0000000123770000 	/Users/sebastian/projects/insane-noises/target/native/macosx/x86_64/GlitchUGens.scx
0x0000000123995000 	/Users/sebastian/projects/insane-noises/target/native/macosx/x86_64/GrainUGens.scx
0x00000001239a8000 	/Users/sebastian/projects/insane-noises/target/native/macosx/x86_64/IOUGens.scx
0x00000001239b0000 	/Users/sebastian/projects/insane-noises/target/native/macosx/x86_64/JoshAmbiUGens.scx
0x0000000124d3f000 	/Users/sebastian/projects/insane-noises/target/native/macosx/x86_64/JoshGrainUGens.scx
0x0000000124bdc000 	/Users/sebastian/projects/insane-noises/target/native/macosx/x86_64/JoshPVUGens.scx
0x00000001239bd000 	/Users/sebastian/projects/insane-noises/target/native/macosx/x86_64/JoshUGens.scx
0x0000000123775000 	/Users/sebastian/projects/insane-noises/target/native/macosx/x86_64/KeyboardUGens.scx
0x00000001238e7000 	/Users/sebastian/projects/insane-noises/target/native/macosx/x86_64/LadspaUGen.scx
0x00000001241a4000 	/Users/sebastian/projects/insane-noises/target/native/macosx/x86_64/LFUGens.scx
0x0000000123a69000 	/Users/sebastian/projects/insane-noises/target/native/macosx/x86_64/LoopBuf.scx
0x0000000123a6e000 	/Users/sebastian/projects/insane-noises/target/native/macosx/x86_64/MCLDBufferUGens.scx
0x0000000124b17000 	/Users/sebastian/projects/insane-noises/target/native/macosx/x86_64/MCLDCepstrumUGens.scx
0x0000000123ae2000 	/Users/sebastian/projects/insane-noises/target/native/macosx/x86_64/MCLDChaosUGens.scx
0x0000000123ae8000 	/Users/sebastian/projects/insane-noises/target/native/macosx/x86_64/MCLDDistortionUGens.scx
0x00000001253aa000 	/Users/sebastian/projects/insane-noises/target/native/macosx/x86_64/MCLDFFTUGens.scx
0x0000000123b4e000 	/Users/sebastian/projects/insane-noises/target/native/macosx/x86_64/MCLDFilterUGens.scx
0x0000000123b52000 	/Users/sebastian/projects/insane-noises/target/native/macosx/x86_64/MCLDGetenvUGen.scx
0x0000000123c29000 	/Users/sebastian/projects/insane-noises/target/native/macosx/x86_64/MCLDOscUGens.scx
0x0000000123c2d000 	/Users/sebastian/projects/insane-noises/target/native/macosx/x86_64/MCLDPollUGens.scx
0x0000000124178000 	/Users/sebastian/projects/insane-noises/target/native/macosx/x86_64/MCLDSOMUGens.scx
0x000000012417e000 	/Users/sebastian/projects/insane-noises/target/native/macosx/x86_64/MCLDTreeUGens.scx
0x0000000124183000 	/Users/sebastian/projects/insane-noises/target/native/macosx/x86_64/MCLDTriggeredStatsUgens.scx
0x000000012dfa3000 	/Users/sebastian/projects/insane-noises/target/native/macosx/x86_64/MdaUGens.scx
0x000000012355c000 	/Users/sebastian/projects/insane-noises/target/native/macosx/x86_64/MembraneUGens.scx
0x00000001245e3000 	/Users/sebastian/projects/insane-noises/target/native/macosx/x86_64/ML_UGens.scx
0x0000000123561000 	/Users/sebastian/projects/insane-noises/target/native/macosx/x86_64/MouseUGens.scx
0x0000000123567000 	/Users/sebastian/projects/insane-noises/target/native/macosx/x86_64/MulAddUGens.scx
0x0000000124597000 	/Users/sebastian/projects/insane-noises/target/native/macosx/x86_64/NCAnalysisUGens.scx
0x000000012356e000 	/Users/sebastian/projects/insane-noises/target/native/macosx/x86_64/NoiseUGens.scx
0x0000000123575000 	/Users/sebastian/projects/insane-noises/target/native/macosx/x86_64/OscUGens.scx
0x0000000124187000 	/Users/sebastian/projects/insane-noises/target/native/macosx/x86_64/PanUGens.scx
0x0000000124190000 	/Users/sebastian/projects/insane-noises/target/native/macosx/x86_64/PhysicalModelingUGens.scx
0x0000000124194000 	/Users/sebastian/projects/insane-noises/target/native/macosx/x86_64/PitchDetection.scx
0x0000000124aa9000 	/Users/sebastian/projects/insane-noises/target/native/macosx/x86_64/PV_ThirdParty.scx
0x000000012419b000 	/Users/sebastian/projects/insane-noises/target/native/macosx/x86_64/ReverbUGens.scx
0x00000001242bd000 	/Users/sebastian/projects/insane-noises/target/native/macosx/x86_64/RFWUGens.scx
0x00000001245b6000 	/Users/sebastian/projects/insane-noises/target/native/macosx/x86_64/RMEQSuite.scx
0x0000000124abd000 	/Users/sebastian/projects/insane-noises/target/native/macosx/x86_64/SLUGens.scx
0x000000012e0c5000 	/Users/sebastian/projects/insane-noises/target/native/macosx/x86_64/StkUGens.scx
0x00000001245be000 	/Users/sebastian/projects/insane-noises/target/native/macosx/x86_64/SummerUGens.scx
0x0000000124acc000 	/Users/sebastian/projects/insane-noises/target/native/macosx/x86_64/TagSystemUgens.scx
0x0000000124630000 	/Users/sebastian/projects/insane-noises/target/native/macosx/x86_64/TestUGens.scx
0x0000000124ad2000 	/Users/sebastian/projects/insane-noises/target/native/macosx/x86_64/TJUGens.scx
0x0000000124adc000 	/Users/sebastian/projects/insane-noises/target/native/macosx/x86_64/TriggerUGens.scx
0x0000000124ae8000 	/Users/sebastian/projects/insane-noises/target/native/macosx/x86_64/UnaryOpUGens.scx
0x0000000124afe000 	/Users/sebastian/projects/insane-noises/target/native/macosx/x86_64/UnpackFFTUGens.scx
0x0000000124b0a000 	/Users/sebastian/projects/insane-noises/target/native/macosx/x86_64/VBAP.scx
0x0000000124b10000 	/Users/sebastian/projects/insane-noises/target/native/macosx/x86_64/VOSIM.scx

VM Arguments:
jvm_args: -Dfile.encoding=UTF-8 -Dclojure.compile.path=/Users/sebastian/projects/insane-noises/target/classes -Dinsane-noises.version=0.1.0-SNAPSHOT -Dclojure.debug=false -Djava.library.path=/Users/sebastian/projects/insane-noises/target/native/macosx/x86_64 
java_command: clojure.main -i /private/var/folders/15/q82tr7cs1clgcsynyn08xrmm0000gn/T/form-init839869663824860186.clj
java_class_path (initial): /Users/sebastian/projects/insane-noises/test:/Users/sebastian/projects/insane-noises/src:/Users/sebastian/projects/insane-noises/dev-resources:/Users/sebastian/projects/insane-noises/resources:/Users/sebastian/projects/insane-noises/target/classes:/Users/sebastian/.m2/repository/watchtower/watchtower/0.1.1/watchtower-0.1.1.jar:/Users/sebastian/.m2/repository/com/lowagie/itext/2.1.7/itext-2.1.7.jar:/Users/sebastian/.m2/repository/overtone/scsynth-extras/3.5.7.0/scsynth-extras-3.5.7.0.jar:/Users/sebastian/.m2/repository/quil/processing-pdf/2.2.1/processing-pdf-2.2.1.jar:/Users/sebastian/.m2/repository/net/java/dev/jna/jna/3.4.0/jna-3.4.0.jar:/Users/sebastian/.m2/repository/clojure-complete/clojure-complete/0.2.3/clojure-complete-0.2.3.jar:/Users/sebastian/.m2/repository/org/bouncycastle/bcmail-jdk14/1.38/bcmail-jdk14-1.38.jar:/Users/sebastian/.m2/repository/quil/processing-js/1.4.8/processing-js-1.4.8.jar:/Users/sebastian/.m2/repository/overtone/at-at/1.2.0/at-at-1.2.0.jar:/Users/sebastian/.m2/repository/quil/jogl-all-fat/2.1.5/jogl-all-fat-2.1.5.jar:/Users/sebastian/.m2/repository/overtone/byte-spec/0.3.1/byte-spec-0.3.1.jar:/Users/sebastian/.m2/repository/bouncycastle/bcprov-jdk14/138/bcprov-jdk14-138.jar:/Users/sebastian/.m2/repository/overtone/osc-clj/0.9.0/osc-clj-0.9.0.jar:/Users/sebastian/.m2/repository/shadertone/shadertone/0.2.4/shadertone-0.2.4.jar:/Users/sebastian/.m2/repository/org/bouncycastle/bctsp-jdk14/1.38/bctsp-jdk14-1.38.jar:/Users/sebastian/.m2/repository/quil/gluegen-rt-fat/2.1.5/gluegen-rt-fat-2.1.5.jar:/Users/sebastian/.m2/repository/bouncycastle/bcmail-jdk14/138/bcmail-jdk14-138.jar:/Users/sebastian/.m2/repository/overtone/libs.handlers/0.2.0/libs.handlers-0.2.0.jar:/Users/sebastian/.m2/repository/quil/processing-dxf/2.2.1/processing-dxf-2.2.1.jar:/Users/sebastian/.m2/repository/quil/processing-core/2.2.1/processing-core-2.2.1.jar:/Users/sebastian/.m2/repository/overtone/scsynth/3.5.7.0/scsynth-3.5.7.0.jar:/Users/se
Launcher Type: SUN_STANDARD

Environment Variables:
PATH=/Users/sebastian/Library/Haskell/bin:/usr/local/share/npm/bin:/usr/local/texbin:/usr/local/bin:/Library/Frameworks/Python.framework/Versions/2.7/bin:/usr/local/bin:/usr/bin:/bin:/usr/sbin:/sbin:/Users/sebastian/Library/Haskell/bin:/usr/local/sbin:/opt/X11/bin:/usr/X11/bin:/usr/texbin:/usr/local/share/npm/bin:/usr/local/texbin:/usr/local/share/python:/Users/sebastian/.rvm/bin:/usr/local/opt/ruby/bin
SHELL=/bin/bash

Signal Handlers:
SIGSEGV: [libjvm.dylib+0x579dc7], sa_mask[0]=11111111011111110111111111111111, sa_flags=SA_ONSTACK|SA_RESTART|SA_SIGINFO
SIGBUS: [libjvm.dylib+0x579dc7], sa_mask[0]=11111111011111110111111111111111, sa_flags=SA_RESTART|SA_SIGINFO
SIGFPE: [libjvm.dylib+0x45b030], sa_mask[0]=11111111011111110111111111111111, sa_flags=SA_RESTART|SA_SIGINFO
SIGPIPE: [libjvm.dylib+0x45b030], sa_mask[0]=11111111011111110111111111111111, sa_flags=SA_RESTART|SA_SIGINFO
SIGXFSZ: [libjvm.dylib+0x45b030], sa_mask[0]=11111111011111110111111111111111, sa_flags=SA_RESTART|SA_SIGINFO
SIGILL: [libjvm.dylib+0x45b030], sa_mask[0]=11111111011111110111111111111111, sa_flags=SA_RESTART|SA_SIGINFO
SIGUSR1: SIG_DFL, sa_mask[0]=11011111011111100000000111000110, sa_flags=none
SIGUSR2: [libjvm.dylib+0x45ab4e], sa_mask[0]=00100000000000000000000000000000, sa_flags=SA_RESTART|SA_SIGINFO
SIGHUP: [libjvm.dylib+0x459121], sa_mask[0]=11111111011111110111111111111111, sa_flags=SA_RESTART|SA_SIGINFO
SIGINT: [libjvm.dylib+0x459121], sa_mask[0]=11111111011111110111111111111111, sa_flags=SA_RESTART|SA_SIGINFO
SIGTERM: [libjvm.dylib+0x459121], sa_mask[0]=11111111011111110111111111111111, sa_flags=SA_RESTART|SA_SIGINFO
SIGQUIT: [libjvm.dylib+0x459121], sa_mask[0]=11111111011111110111111111111111, sa_flags=SA_RESTART|SA_SIGINFO


---------------  S Y S T E M  ---------------

OS:Bsduname:Darwin 14.0.0 Darwin Kernel Version 14.0.0: Fri Sep 19 00:26:44 PDT 2014; root:xnu-2782.1.97~2/RELEASE_X86_64 x86_64
rlimit: STACK 8515k, CORE 0k, NPROC 709, NOFILE 10240, AS infinity
load average:1.89 1.81 2.10

CPU:total 8 (4 cores per cpu, 2 threads per core) family 6 model 70 stepping 1, cmov, cx8, fxsr, mmx, sse, sse2, sse3, ssse3, sse4.1, sse4.2, popcnt, avx, avx2, aes, clmul, erms, rtm, lzcnt, ht, tsc, tscinvbit, bmi1, bmi2

Memory: 4k page, physical 16777216k(378616k free)

/proc/meminfo:


vm_info: Java HotSpot(TM) 64-Bit Server VM (25.25-b02) for bsd-amd64 JRE (1.8.0_25-b17), built on Sep 17 2014 16:56:50 by "java_re" with gcc 4.2.1 (Based on Apple Inc. build 5658) (LLVM build 2336.11.00)

time: Thu Jan 22 23:18:55 2015
elapsed time: 83 seconds (0d 0h 1m 23s)

